# JRE version: Java(TM) SE Runtime Environment (8.0_291-b10) (build 1.8.0_291-b10)
# Java VM: Java HotSpot(TM) 64-Bit Server VM (25.291-b10 mixed mode windows-amd64 compressed oops)
Heap:
 PSYoungGen      total 114176K, used 24483K [0x000000076c180000, 0x0000000773d00000, 0x00000007c0000000)
  eden space 104960K, 14% used [0x000000076c180000,0x000000076d06edf8,0x0000000772800000)
  from space 9216K, 99% used [0x0000000773200000,0x0000000773af9e68,0x0000000773b00000)
  to   space 10240K, 0% used [0x0000000772800000,0x0000000772800000,0x0000000773200000)
 ParOldGen       total 88576K, used 22973K [0x00000006c4400000, 0x00000006c9a80000, 0x000000076c180000)
  object space 88576K, 25% used [0x00000006c4400000,0x00000006c5a6f4b8,0x00000006c9a80000)
 Metaspace       used 52301K, capacity 54981K, committed 55296K, reserved 1099776K
  class space    used 6795K, capacity 7299K, committed 7424K, reserved 1048576K
GC Heap History (10 events):
Event: 5.083 GC heap before
{Heap before GC invocations=8 (full 1):
 PSYoungGen      total 114176K, used 55406K [0x000000076c180000, 0x0000000773d00000, 0x00000007c0000000)
  eden space 104960K, 44% used [0x000000076c180000,0x000000076ee9c618,0x0000000772800000)
  from space 9216K, 99% used [0x0000000773200000,0x0000000773aff460,0x0000000773b00000)
  to   space 10240K, 0% used [0x0000000772800000,0x0000000772800000,0x0000000773200000)
 ParOldGen       total 88576K, used 7627K [0x00000006c4400000, 0x00000006c9a80000, 0x000000076c180000)
  object space 88576K, 8% used [0x00000006c4400000,0x00000006c4b72e48,0x00000006c9a80000)
 Metaspace       used 33445K, capacity 35376K, committed 35456K, reserved 1079296K
  class space    used 4553K, capacity 4936K, committed 4992K, reserved 1048576K
Event: 5.088 GC heap after
Heap after GC invocations=8 (full 1):
 PSYoungGen      total 115200K, used 10163K [0x000000076c180000, 0x0000000773d00000, 0x00000007c0000000)
  eden space 104960K, 0% used [0x000000076c180000,0x000000076c180000,0x0000000772800000)
  from space 10240K, 99% used [0x0000000772800000,0x00000007731ecdc8,0x0000000773200000)
  to   space 9216K, 0% used [0x0000000773200000,0x0000000773200000,0x0000000773b00000)
 ParOldGen       total 88576K, used 7635K [0x00000006c4400000, 0x00000006c9a80000, 0x000000076c180000)
  object space 88576K, 8% used [0x00000006c4400000,0x00000006c4b74e48,0x00000006c9a80000)
 Metaspace       used 33445K, capacity 35376K, committed 35456K, reserved 1079296K
  class space    used 4553K, capacity 4936K, committed 4992K, reserved 1048576K
}
Event: 5.088 GC heap before
{Heap before GC invocations=9 (full 2):
 PSYoungGen      total 115200K, used 10163K [0x000000076c180000, 0x0000000773d00000, 0x00000007c0000000)
  eden space 104960K, 0% used [0x000000076c180000,0x000000076c180000,0x0000000772800000)
  from space 10240K, 99% used [0x0000000772800000,0x00000007731ecdc8,0x0000000773200000)
  to   space 9216K, 0% used [0x0000000773200000,0x0000000773200000,0x0000000773b00000)
 ParOldGen       total 88576K, used 7635K [0x00000006c4400000, 0x00000006c9a80000, 0x000000076c180000)
  object space 88576K, 8% used [0x00000006c4400000,0x00000006c4b74e48,0x00000006c9a80000)
 Metaspace       used 33445K, capacity 35376K, committed 35456K, reserved 1079296K
  class space    used 4553K, capacity 4936K, committed 4992K, reserved 1048576K
Event: 5.133 GC heap after
Heap after GC invocations=9 (full 2):
 PSYoungGen      total 115200K, used 0K [0x000000076c180000, 0x0000000773d00000, 0x00000007c0000000)
  eden space 104960K, 0% used [0x000000076c180000,0x000000076c180000,0x0000000772800000)
  from space 10240K, 0% used [0x0000000772800000,0x0000000772800000,0x0000000773200000)
  to   space 9216K, 0% used [0x0000000773200000,0x0000000773200000,0x0000000773b00000)
 ParOldGen       total 88576K, used 14999K [0x00000006c4400000, 0x00000006c9a80000, 0x000000076c180000)
  object space 88576K, 16% used [0x00000006c4400000,0x00000006c52a5d40,0x00000006c9a80000)
 Metaspace       used 33445K, capacity 35376K, committed 35456K, reserved 1079296K
  class space    used 4553K, capacity 4936K, committed 4992K, reserved 1048576K
}
Event: 5.855 GC heap before
{Heap before GC invocations=10 (full 2):
 PSYoungGen      total 115200K, used 104960K [0x000000076c180000, 0x0000000773d00000, 0x00000007c0000000)
  eden space 104960K, 100% used [0x000000076c180000,0x0000000772800000,0x0000000772800000)
  from space 10240K, 0% used [0x0000000772800000,0x0000000772800000,0x0000000773200000)
  to   space 9216K, 0% used [0x0000000773200000,0x0000000773200000,0x0000000773b00000)
 ParOldGen       total 88576K, used 14999K [0x00000006c4400000, 0x00000006c9a80000, 0x000000076c180000)
  object space 88576K, 16% used [0x00000006c4400000,0x00000006c52a5d40,0x00000006c9a80000)
 Metaspace       used 37787K, capacity 39838K, committed 40064K, reserved 1083392K
  class space    used 5004K, capacity 5439K, committed 5504K, reserved 1048576K
Event: 5.866 GC heap after
Heap after GC invocations=10 (full 2):
 PSYoungGen      total 114176K, used 6684K [0x000000076c180000, 0x0000000773d00000, 0x00000007c0000000)
  eden space 104960K, 0% used [0x000000076c180000,0x000000076c180000,0x0000000772800000)
  from space 9216K, 72% used [0x0000000773200000,0x0000000773887060,0x0000000773b00000)
  to   space 10240K, 0% used [0x0000000772800000,0x0000000772800000,0x0000000773200000)
 ParOldGen       total 88576K, used 15007K [0x00000006c4400000, 0x00000006c9a80000, 0x000000076c180000)
  object space 88576K, 16% used [0x00000006c4400000,0x00000006c52a7d40,0x00000006c9a80000)
 Metaspace       used 37787K, capacity 39838K, committed 40064K, reserved 1083392K
  class space    used 5004K, capacity 5439K, committed 5504K, reserved 1048576K
}
Event: 6.625 GC heap before
{Heap before GC invocations=11 (full 2):
 PSYoungGen      total 114176K, used 111644K [0x000000076c180000, 0x0000000773d00000, 0x00000007c0000000)
  eden space 104960K, 100% used [0x000000076c180000,0x0000000772800000,0x0000000772800000)
  from space 9216K, 72% used [0x0000000773200000,0x0000000773887060,0x0000000773b00000)
  to   space 10240K, 0% used [0x0000000772800000,0x0000000772800000,0x0000000773200000)
 ParOldGen       total 88576K, used 15007K [0x00000006c4400000, 0x00000006c9a80000, 0x000000076c180000)
  object space 88576K, 16% used [0x00000006c4400000,0x00000006c52a7d40,0x00000006c9a80000)
 Metaspace       used 46535K, capacity 48767K, committed 49024K, reserved 1091584K
  class space    used 6030K, capacity 6461K, committed 6528K, reserved 1048576K
Event: 6.629 GC heap after
Heap after GC invocations=11 (full 2):
 PSYoungGen      total 115200K, used 10233K [0x000000076c180000, 0x0000000773d00000, 0x00000007c0000000)
  eden space 104960K, 0% used [0x000000076c180000,0x000000076c180000,0x0000000772800000)
  from space 10240K, 99% used [0x0000000772800000,0x00000007731fe6d8,0x0000000773200000)
  to   space 9216K, 0% used [0x0000000773200000,0x0000000773200000,0x0000000773b00000)
 ParOldGen       total 88576K, used 16244K [0x00000006c4400000, 0x00000006c9a80000, 0x000000076c180000)
  object space 88576K, 18% used [0x00000006c4400000,0x00000006c53dd1c0,0x00000006c9a80000)
 Metaspace       used 46535K, capacity 48767K, committed 49024K, reserved 1091584K
  class space    used 6030K, capacity 6461K, committed 6528K, reserved 1048576K
}
Event: 7.989 GC heap before
{Heap before GC invocations=12 (full 2):
 PSYoungGen      total 115200K, used 115193K [0x000000076c180000, 0x0000000773d00000, 0x00000007c0000000)
  eden space 104960K, 100% used [0x000000076c180000,0x0000000772800000,0x0000000772800000)
  from space 10240K, 99% used [0x0000000772800000,0x00000007731fe6d8,0x0000000773200000)
  to   space 9216K, 0% used [0x0000000773200000,0x0000000773200000,0x0000000773b00000)
 ParOldGen       total 88576K, used 16244K [0x00000006c4400000, 0x00000006c9a80000, 0x000000076c180000)
  object space 88576K, 18% used [0x00000006c4400000,0x00000006c53dd1c0,0x00000006c9a80000)
 Metaspace       used 51520K, capacity 54173K, committed 54400K, reserved 1095680K
  class space    used 6713K, capacity 7224K, committed 7296K, reserved 1048576K
Event: 8.004 GC heap after
Heap after GC invocations=12 (full 2):
 PSYoungGen      total 114176K, used 9191K [0x000000076c180000, 0x0000000773d00000, 0x00000007c0000000)
  eden space 104960K, 0% used [0x000000076c180000,0x000000076c180000,0x0000000772800000)
  from space 9216K, 99% used [0x0000000773200000,0x0000000773af9e68,0x0000000773b00000)
  to   space 10240K, 0% used [0x0000000772800000,0x0000000772800000,0x0000000773200000)
 ParOldGen       total 88576K, used 22973K [0x00000006c4400000, 0x00000006c9a80000, 0x000000076c180000)
  object space 88576K, 25% used [0x00000006c4400000,0x00000006c5a6f4b8,0x00000006c9a80000)
 Metaspace       used 51520K, capacity 54173K, committed 54400K, reserved 1095680K
  class space    used 6713K, capacity 7224K, committed 7296K, reserved 1048576K
}

